TN:
SF:src/controllers/project.js
FN:3,(anonymous_0)
FN:17,(anonymous_1)
FN:31,(anonymous_2)
FN:46,(anonymous_3)
FNF:4
FNH:1
FNDA:0,(anonymous_0)
FNDA:0,(anonymous_1)
FNDA:0,(anonymous_2)
FNDA:4,(anonymous_3)
DA:1,1
DA:3,1
DA:4,0
DA:5,0
DA:6,0
DA:10,0
DA:11,0
DA:17,1
DA:18,0
DA:19,0
DA:20,0
DA:24,0
DA:25,0
DA:31,1
DA:32,0
DA:33,0
DA:34,0
DA:39,0
DA:40,0
DA:46,1
DA:47,4
DA:48,4
DA:49,4
DA:51,4
DA:53,3
DA:55,1
DA:56,1
LF:27
LH:12
BRF:0
BRH:0
end_of_record
TN:
SF:src/models/project.js
FNF:0
FNH:0
DA:1,2
DA:3,2
DA:5,2
DA:31,2
LF:4
LH:4
BRF:0
BRH:0
end_of_record
TN:
SF:src/services/projects.js
FN:3,(anonymous_0)
FN:8,(anonymous_1)
FN:13,(anonymous_2)
FN:25,(anonymous_3)
FN:33,(anonymous_4)
FNF:5
FNH:2
FNDA:0,(anonymous_0)
FNDA:0,(anonymous_1)
FNDA:0,(anonymous_2)
FNDA:4,(anonymous_3)
FNDA:1,(anonymous_4)
DA:1,2
DA:3,2
DA:4,0
DA:5,0
DA:8,2
DA:9,0
DA:10,0
DA:13,2
DA:14,0
DA:22,0
DA:25,2
DA:26,4
DA:33,2
DA:34,1
LF:14
LH:8
BRF:0
BRH:0
end_of_record
